# JRE version: OpenJDK Runtime Environment (17.0.1+12) (build 17.0.1+12-39)
# Java VM: OpenJDK 64-Bit Server VM (17.0.1+12-39, mixed mode, sharing, tiered, compressed oops, compressed class ptrs, g1 gc, windows-amd64)
GC Precious Log:
 CPUs: 8 total, 8 available
 Memory: 16167M
 Large Page Support: Disabled
 NUMA Support: Disabled
 Compressed Oops: Enabled (Zero based)
 Heap Region Size: 2M
 Heap Min Capacity: 8M
 Heap Initial Capacity: 254M
 Heap Max Capacity: 4042M
 Pre-touch: Disabled
 Parallel Workers: 8
 Concurrent Workers: 2
 Concurrent Refinement Workers: 8
 Periodic GC: Disabled
Heap:
 garbage-first heap   total 522240K, used 404988K [0x0000000703600000, 0x0000000800000000)
  region size 2048K, 62 young (126976K), 3 survivors (6144K)
 Metaspace       used 91430K, committed 91840K, reserved 1138688K
  class space    used 9340K, committed 9536K, reserved 1048576K
GC Heap History (20 events):
Event: 34.048 GC heap before
{Heap before GC invocations=38 (full 0):
 garbage-first heap   total 360448K, used 289560K [0x0000000703600000, 0x0000000800000000)
  region size 2048K, 32 young (65536K), 4 survivors (8192K)
 Metaspace       used 83839K, committed 84288K, reserved 1130496K
  class space    used 8945K, committed 9152K, reserved 1048576K
}
Event: 34.058 GC heap after
{Heap after GC invocations=39 (full 0):
 garbage-first heap   total 434176K, used 235110K [0x0000000703600000, 0x0000000800000000)
  region size 2048K, 2 young (4096K), 2 survivors (4096K)
 Metaspace       used 83839K, committed 84288K, reserved 1130496K
  class space    used 8945K, committed 9152K, reserved 1048576K
}
Event: 35.943 GC heap before
{Heap before GC invocations=39 (full 0):
 garbage-first heap   total 434176K, used 341606K [0x0000000703600000, 0x0000000800000000)
  region size 2048K, 54 young (110592K), 2 survivors (4096K)
 Metaspace       used 84827K, committed 85312K, reserved 1130496K
  class space    used 8954K, committed 9216K, reserved 1048576K
}
Event: 35.950 GC heap after
{Heap after GC invocations=40 (full 0):
 garbage-first heap   total 434176K, used 239205K [0x0000000703600000, 0x0000000800000000)
  region size 2048K, 4 young (8192K), 4 survivors (8192K)
 Metaspace       used 84827K, committed 85312K, reserved 1130496K
  class space    used 8954K, committed 9216K, reserved 1048576K
}
Event: 37.162 GC heap before
{Heap before GC invocations=40 (full 0):
 garbage-first heap   total 434176K, used 347749K [0x0000000703600000, 0x0000000800000000)
  region size 2048K, 57 young (116736K), 4 survivors (8192K)
 Metaspace       used 85347K, committed 85824K, reserved 1130496K
  class space    used 8968K, committed 9216K, reserved 1048576K
}
Event: 37.172 GC heap after
{Heap after GC invocations=41 (full 0):
 garbage-first heap   total 434176K, used 243111K [0x0000000703600000, 0x0000000800000000)
  region size 2048K, 6 young (12288K), 6 survivors (12288K)
 Metaspace       used 85347K, committed 85824K, reserved 1130496K
  class space    used 8968K, committed 9216K, reserved 1048576K
}
Event: 39.304 GC heap before
{Heap before GC invocations=41 (full 0):
 garbage-first heap   total 434176K, used 353703K [0x0000000703600000, 0x0000000800000000)
  region size 2048K, 60 young (122880K), 6 survivors (12288K)
 Metaspace       used 90415K, committed 90880K, reserved 1130496K
  class space    used 9325K, committed 9536K, reserved 1048576K
}
Event: 39.319 GC heap after
{Heap after GC invocations=42 (full 0):
 garbage-first heap   total 434176K, used 248893K [0x0000000703600000, 0x0000000800000000)
  region size 2048K, 5 young (10240K), 5 survivors (10240K)
 Metaspace       used 90415K, committed 90880K, reserved 1130496K
  class space    used 9325K, committed 9536K, reserved 1048576K
}
Event: 40.322 GC heap before
{Heap before GC invocations=42 (full 0):
 garbage-first heap   total 434176K, used 359485K [0x0000000703600000, 0x0000000800000000)
  region size 2048K, 59 young (120832K), 5 survivors (10240K)
 Metaspace       used 90882K, committed 91328K, reserved 1138688K
  class space    used 9334K, committed 9536K, reserved 1048576K
}
Event: 40.337 GC heap after
{Heap after GC invocations=43 (full 0):
 garbage-first heap   total 434176K, used 256922K [0x0000000703600000, 0x0000000800000000)
  region size 2048K, 7 young (14336K), 7 survivors (14336K)
 Metaspace       used 90882K, committed 91328K, reserved 1138688K
  class space    used 9334K, committed 9536K, reserved 1048576K
}
Event: 41.307 GC heap before
{Heap before GC invocations=43 (full 0):
 garbage-first heap   total 434176K, used 359322K [0x0000000703600000, 0x0000000800000000)
  region size 2048K, 57 young (116736K), 7 survivors (14336K)
 Metaspace       used 91070K, committed 91520K, reserved 1138688K
  class space    used 9335K, committed 9536K, reserved 1048576K
}
Event: 41.324 GC heap after
{Heap after GC invocations=44 (full 0):
 garbage-first heap   total 434176K, used 264523K [0x0000000703600000, 0x0000000800000000)
  region size 2048K, 8 young (16384K), 8 survivors (16384K)
 Metaspace       used 91070K, committed 91520K, reserved 1138688K
  class space    used 9335K, committed 9536K, reserved 1048576K
}
Event: 41.887 GC heap before
{Heap before GC invocations=44 (full 0):
 garbage-first heap   total 434176K, used 360779K [0x0000000703600000, 0x0000000800000000)
  region size 2048K, 55 young (112640K), 8 survivors (16384K)
 Metaspace       used 91156K, committed 91584K, reserved 1138688K
  class space    used 9335K, committed 9536K, reserved 1048576K
}
Event: 41.897 GC heap after
{Heap after GC invocations=45 (full 0):
 garbage-first heap   total 434176K, used 269577K [0x0000000703600000, 0x0000000800000000)
  region size 2048K, 4 young (8192K), 4 survivors (8192K)
 Metaspace       used 91156K, committed 91584K, reserved 1138688K
  class space    used 9335K, committed 9536K, reserved 1048576K
}
Event: 42.264 GC heap before
{Heap before GC invocations=45 (full 0):
 garbage-first heap   total 434176K, used 361737K [0x0000000703600000, 0x0000000800000000)
  region size 2048K, 49 young (100352K), 4 survivors (8192K)
 Metaspace       used 91172K, committed 91584K, reserved 1138688K
  class space    used 9335K, committed 9536K, reserved 1048576K
}
Event: 42.273 GC heap after
{Heap after GC invocations=46 (full 0):
 garbage-first heap   total 434176K, used 276560K [0x0000000703600000, 0x0000000800000000)
  region size 2048K, 7 young (14336K), 7 survivors (14336K)
 Metaspace       used 91172K, committed 91584K, reserved 1138688K
  class space    used 9335K, committed 9536K, reserved 1048576K
}
Event: 42.656 GC heap before
{Heap before GC invocations=46 (full 0):
 garbage-first heap   total 434176K, used 360528K [0x0000000703600000, 0x0000000800000000)
  region size 2048K, 48 young (98304K), 7 survivors (14336K)
 Metaspace       used 91238K, committed 91648K, reserved 1138688K
  class space    used 9335K, committed 9536K, reserved 1048576K
}
Event: 42.669 GC heap after
{Heap after GC invocations=47 (full 0):
 garbage-first heap   total 434176K, used 283865K [0x0000000703600000, 0x0000000800000000)
  region size 2048K, 6 young (12288K), 6 survivors (12288K)
 Metaspace       used 91238K, committed 91648K, reserved 1138688K
  class space    used 9335K, committed 9536K, reserved 1048576K
}
Event: 43.017 GC heap before
{Heap before GC invocations=47 (full 0):
 garbage-first heap   total 434176K, used 359641K [0x0000000703600000, 0x0000000800000000)
  region size 2048K, 43 young (88064K), 6 survivors (12288K)
 Metaspace       used 91321K, committed 91776K, reserved 1138688K
  class space    used 9335K, committed 9536K, reserved 1048576K
}
Event: 43.026 GC heap after
{Heap after GC invocations=48 (full 0):
 garbage-first heap   total 522240K, used 286204K [0x0000000703600000, 0x0000000800000000)
  region size 2048K, 3 young (6144K), 3 survivors (6144K)
 Metaspace       used 91321K, committed 91776K, reserved 1138688K
  class space    used 9335K, committed 9536K, reserved 1048576K
}

