# JRE version: OpenJDK Runtime Environment (17.0.1+12) (build 17.0.1+12-39)
# Java VM: OpenJDK 64-Bit Server VM (17.0.1+12-39, mixed mode, sharing, tiered, compressed oops, compressed class ptrs, g1 gc, windows-amd64)
GC Precious Log:
 CPUs: 8 total, 8 available
 Memory: 16167M
 Large Page Support: Disabled
 NUMA Support: Disabled
 Compressed Oops: Enabled (Zero based)
 Heap Region Size: 2M
 Heap Min Capacity: 8M
 Heap Initial Capacity: 254M
 Heap Max Capacity: 4042M
 Pre-touch: Disabled
 Parallel Workers: 8
 Concurrent Workers: 2
 Concurrent Refinement Workers: 8
 Periodic GC: Disabled
Heap:
 garbage-first heap   total 399360K, used 249369K [0x0000000703600000, 0x0000000800000000)
  region size 2048K, 7 young (14336K), 7 survivors (14336K)
 Metaspace       used 91033K, committed 91456K, reserved 1138688K
  class space    used 9334K, committed 9536K, reserved 1048576K
GC Heap History (20 events):
Event: 31.062 GC heap after
{Heap after GC invocations=42 (full 0):
 garbage-first heap   total 370688K, used 161820K [0x0000000703600000, 0x0000000800000000)
  region size 2048K, 11 young (22528K), 11 survivors (22528K)
 Metaspace       used 73156K, committed 73536K, reserved 1122304K
  class space    used 7924K, committed 8128K, reserved 1048576K
}
Event: 32.667 GC heap before
{Heap before GC invocations=42 (full 0):
 garbage-first heap   total 370688K, used 288796K [0x0000000703600000, 0x0000000800000000)
  region size 2048K, 73 young (149504K), 11 survivors (22528K)
 Metaspace       used 73705K, committed 74112K, reserved 1122304K
  class space    used 7957K, committed 8128K, reserved 1048576K
}
Event: 32.709 GC heap after
{Heap after GC invocations=43 (full 0):
 garbage-first heap   total 370688K, used 216685K [0x0000000703600000, 0x0000000800000000)
  region size 2048K, 10 young (20480K), 10 survivors (20480K)
 Metaspace       used 73705K, committed 74112K, reserved 1122304K
  class space    used 7957K, committed 8128K, reserved 1048576K
}
Event: 33.618 GC heap before
{Heap before GC invocations=43 (full 0):
 garbage-first heap   total 370688K, used 282221K [0x0000000703600000, 0x0000000800000000)
  region size 2048K, 42 young (86016K), 10 survivors (20480K)
 Metaspace       used 76029K, committed 76480K, reserved 1122304K
  class space    used 8213K, committed 8448K, reserved 1048576K
}
Event: 33.635 GC heap after
{Heap after GC invocations=44 (full 0):
 garbage-first heap   total 370688K, used 224767K [0x0000000703600000, 0x0000000800000000)
  region size 2048K, 3 young (6144K), 3 survivors (6144K)
 Metaspace       used 76029K, committed 76480K, reserved 1122304K
  class space    used 8213K, committed 8448K, reserved 1048576K
}
Event: 34.743 GC heap before
{Heap before GC invocations=45 (full 0):
 garbage-first heap   total 399360K, used 288255K [0x0000000703600000, 0x0000000800000000)
  region size 2048K, 35 young (71680K), 3 survivors (6144K)
 Metaspace       used 81637K, committed 82048K, reserved 1130496K
  class space    used 8770K, committed 8960K, reserved 1048576K
}
Event: 34.752 GC heap after
{Heap after GC invocations=46 (full 0):
 garbage-first heap   total 399360K, used 226876K [0x0000000703600000, 0x0000000800000000)
  region size 2048K, 5 young (10240K), 5 survivors (10240K)
 Metaspace       used 81637K, committed 82048K, reserved 1130496K
  class space    used 8770K, committed 8960K, reserved 1048576K
}
Event: 34.810 GC heap before
{Heap before GC invocations=46 (full 0):
 garbage-first heap   total 399360K, used 235068K [0x0000000703600000, 0x0000000800000000)
  region size 2048K, 9 young (18432K), 5 survivors (10240K)
 Metaspace       used 81672K, committed 82048K, reserved 1130496K
  class space    used 8770K, committed 8960K, reserved 1048576K
}
Event: 34.821 GC heap after
{Heap after GC invocations=47 (full 0):
 garbage-first heap   total 399360K, used 220160K [0x0000000703600000, 0x0000000800000000)
  region size 2048K, 1 young (2048K), 1 survivors (2048K)
 Metaspace       used 81672K, committed 82048K, reserved 1130496K
  class space    used 8770K, committed 8960K, reserved 1048576K
}
Event: 36.374 GC heap before
{Heap before GC invocations=47 (full 0):
 garbage-first heap   total 399360K, used 310272K [0x0000000703600000, 0x0000000800000000)
  region size 2048K, 45 young (92160K), 1 survivors (2048K)
 Metaspace       used 84504K, committed 84992K, reserved 1130496K
  class space    used 8954K, committed 9216K, reserved 1048576K
}
Event: 36.381 GC heap after
{Heap after GC invocations=48 (full 0):
 garbage-first heap   total 399360K, used 222883K [0x0000000703600000, 0x0000000800000000)
  region size 2048K, 2 young (4096K), 2 survivors (4096K)
 Metaspace       used 84504K, committed 84992K, reserved 1130496K
  class space    used 8954K, committed 9216K, reserved 1048576K
}
Event: 37.538 GC heap before
{Heap before GC invocations=48 (full 0):
 garbage-first heap   total 399360K, used 317091K [0x0000000703600000, 0x0000000800000000)
  region size 2048K, 48 young (98304K), 2 survivors (4096K)
 Metaspace       used 85030K, committed 85504K, reserved 1130496K
  class space    used 8959K, committed 9216K, reserved 1048576K
}
Event: 37.549 GC heap after
{Heap after GC invocations=49 (full 0):
 garbage-first heap   total 399360K, used 227064K [0x0000000703600000, 0x0000000800000000)
  region size 2048K, 5 young (10240K), 5 survivors (10240K)
 Metaspace       used 85030K, committed 85504K, reserved 1130496K
  class space    used 8959K, committed 9216K, reserved 1048576K
}
Event: 38.537 GC heap before
{Heap before GC invocations=49 (full 0):
 garbage-first heap   total 399360K, used 323320K [0x0000000703600000, 0x0000000800000000)
  region size 2048K, 52 young (106496K), 5 survivors (10240K)
 Metaspace       used 87120K, committed 87552K, reserved 1130496K
  class space    used 9121K, committed 9344K, reserved 1048576K
}
Event: 38.549 GC heap after
{Heap after GC invocations=50 (full 0):
 garbage-first heap   total 399360K, used 230229K [0x0000000703600000, 0x0000000800000000)
  region size 2048K, 4 young (8192K), 4 survivors (8192K)
 Metaspace       used 87120K, committed 87552K, reserved 1130496K
  class space    used 9121K, committed 9344K, reserved 1048576K
}
Event: 40.119 GC heap before
{Heap before GC invocations=50 (full 0):
 garbage-first heap   total 399360K, used 328533K [0x0000000703600000, 0x0000000800000000)
  region size 2048K, 52 young (106496K), 4 survivors (8192K)
 Metaspace       used 90594K, committed 91072K, reserved 1130496K
  class space    used 9327K, committed 9536K, reserved 1048576K
}
Event: 40.132 GC heap after
{Heap after GC invocations=51 (full 0):
 garbage-first heap   total 399360K, used 236923K [0x0000000703600000, 0x0000000800000000)
  region size 2048K, 7 young (14336K), 7 survivors (14336K)
 Metaspace       used 90594K, committed 91072K, reserved 1130496K
  class space    used 9327K, committed 9536K, reserved 1048576K
}
Event: 40.804 GC heap before
{Heap before GC invocations=51 (full 0):
 garbage-first heap   total 399360K, used 331131K [0x0000000703600000, 0x0000000800000000)
  region size 2048K, 53 young (108544K), 7 survivors (14336K)
 Metaspace       used 90890K, committed 91328K, reserved 1138688K
  class space    used 9334K, committed 9536K, reserved 1048576K
}
Event: 40.823 GC heap after
{Heap after GC invocations=52 (full 0):
 garbage-first heap   total 399360K, used 242897K [0x0000000703600000, 0x0000000800000000)
  region size 2048K, 7 young (14336K), 7 survivors (14336K)
 Metaspace       used 90890K, committed 91328K, reserved 1138688K
  class space    used 9334K, committed 9536K, reserved 1048576K
}
Event: 41.281 GC heap before
{Heap before GC invocations=52 (full 0):
 garbage-first heap   total 399360K, used 330961K [0x0000000703600000, 0x0000000800000000)
  region size 2048K, 50 young (102400K), 7 survivors (14336K)
 Metaspace       used 91033K, committed 91456K, reserved 1138688K
  class space    used 9334K, committed 9536K, reserved 1048576K
}

