# JRE version: OpenJDK Runtime Environment (17.0.1+12) (build 17.0.1+12-39)
# Java VM: OpenJDK 64-Bit Server VM (17.0.1+12-39, mixed mode, sharing, tiered, compressed oops, compressed class ptrs, g1 gc, windows-amd64)
GC Precious Log:
 CPUs: 8 total, 8 available
 Memory: 16167M
 Large Page Support: Disabled
 NUMA Support: Disabled
 Compressed Oops: Enabled (Zero based)
 Heap Region Size: 2M
 Heap Min Capacity: 8M
 Heap Initial Capacity: 254M
 Heap Max Capacity: 4042M
 Pre-touch: Disabled
 Parallel Workers: 8
 Concurrent Workers: 2
 Concurrent Refinement Workers: 8
 Periodic GC: Disabled
Heap:
 garbage-first heap   total 413696K, used 291056K [0x0000000703600000, 0x0000000800000000)
  region size 2048K, 3 young (6144K), 3 survivors (6144K)
 Metaspace       used 91202K, committed 91584K, reserved 1138688K
  class space    used 9334K, committed 9536K, reserved 1048576K
GC Heap History (20 events):
Event: 50.359 GC heap after
{Heap after GC invocations=48 (full 0):
 garbage-first heap   total 413696K, used 238329K [0x0000000703600000, 0x0000000800000000)
  region size 2048K, 4 young (8192K), 4 survivors (8192K)
 Metaspace       used 84729K, committed 85184K, reserved 1130496K
  class space    used 8954K, committed 9216K, reserved 1048576K
}
Event: 51.320 GC heap before
{Heap before GC invocations=48 (full 0):
 garbage-first heap   total 413696K, used 328441K [0x0000000703600000, 0x0000000800000000)
  region size 2048K, 48 young (98304K), 4 survivors (8192K)
 Metaspace       used 85012K, committed 85504K, reserved 1130496K
  class space    used 8959K, committed 9216K, reserved 1048576K
}
Event: 51.334 GC heap after
{Heap after GC invocations=49 (full 0):
 garbage-first heap   total 413696K, used 241559K [0x0000000703600000, 0x0000000800000000)
  region size 2048K, 4 young (8192K), 4 survivors (8192K)
 Metaspace       used 85012K, committed 85504K, reserved 1130496K
  class space    used 8959K, committed 9216K, reserved 1048576K
}
Event: 52.942 GC heap before
{Heap before GC invocations=49 (full 0):
 garbage-first heap   total 413696K, used 333719K [0x0000000703600000, 0x0000000800000000)
  region size 2048K, 49 young (100352K), 4 survivors (8192K)
 Metaspace       used 89587K, committed 90048K, reserved 1130496K
  class space    used 9311K, committed 9536K, reserved 1048576K
}
Event: 52.953 GC heap after
{Heap after GC invocations=50 (full 0):
 garbage-first heap   total 413696K, used 245221K [0x0000000703600000, 0x0000000800000000)
  region size 2048K, 6 young (12288K), 6 survivors (12288K)
 Metaspace       used 89587K, committed 90048K, reserved 1130496K
  class space    used 9311K, committed 9536K, reserved 1048576K
}
Event: 54.020 GC heap before
{Heap before GC invocations=50 (full 0):
 garbage-first heap   total 413696K, used 337381K [0x0000000703600000, 0x0000000800000000)
  region size 2048K, 51 young (104448K), 6 survivors (12288K)
 Metaspace       used 90628K, committed 91008K, reserved 1130496K
  class space    used 9327K, committed 9536K, reserved 1048576K
}
Event: 54.035 GC heap after
{Heap after GC invocations=51 (full 0):
 garbage-first heap   total 413696K, used 252938K [0x0000000703600000, 0x0000000800000000)
  region size 2048K, 7 young (14336K), 7 survivors (14336K)
 Metaspace       used 90628K, committed 91008K, reserved 1130496K
  class space    used 9327K, committed 9536K, reserved 1048576K
}
Event: 54.572 GC heap before
{Heap before GC invocations=51 (full 0):
 garbage-first heap   total 413696K, used 341002K [0x0000000703600000, 0x0000000800000000)
  region size 2048K, 50 young (102400K), 7 survivors (14336K)
 Metaspace       used 90824K, committed 91200K, reserved 1138688K
  class space    used 9334K, committed 9536K, reserved 1048576K
}
Event: 54.589 GC heap after
{Heap after GC invocations=52 (full 0):
 garbage-first heap   total 413696K, used 262393K [0x0000000703600000, 0x0000000800000000)
  region size 2048K, 5 young (10240K), 5 survivors (10240K)
 Metaspace       used 90824K, committed 91200K, reserved 1138688K
  class space    used 9334K, committed 9536K, reserved 1048576K
}
Event: 55.061 GC heap before
{Heap before GC invocations=52 (full 0):
 garbage-first heap   total 413696K, used 342265K [0x0000000703600000, 0x0000000800000000)
  region size 2048K, 44 young (90112K), 5 survivors (10240K)
 Metaspace       used 90973K, committed 91392K, reserved 1138688K
  class space    used 9334K, committed 9536K, reserved 1048576K
}
Event: 55.069 GC heap after
{Heap after GC invocations=53 (full 0):
 garbage-first heap   total 413696K, used 268301K [0x0000000703600000, 0x0000000800000000)
  region size 2048K, 4 young (8192K), 4 survivors (8192K)
 Metaspace       used 90973K, committed 91392K, reserved 1138688K
  class space    used 9334K, committed 9536K, reserved 1048576K
}
Event: 55.377 GC heap before
{Heap before GC invocations=53 (full 0):
 garbage-first heap   total 413696K, used 344077K [0x0000000703600000, 0x0000000800000000)
  region size 2048K, 41 young (83968K), 4 survivors (8192K)
 Metaspace       used 91045K, committed 91456K, reserved 1138688K
  class space    used 9334K, committed 9536K, reserved 1048576K
}
Event: 55.382 GC heap after
{Heap after GC invocations=54 (full 0):
 garbage-first heap   total 413696K, used 269988K [0x0000000703600000, 0x0000000800000000)
  region size 2048K, 5 young (10240K), 5 survivors (10240K)
 Metaspace       used 91045K, committed 91456K, reserved 1138688K
  class space    used 9334K, committed 9536K, reserved 1048576K
}
Event: 55.812 GC heap before
{Heap before GC invocations=54 (full 0):
 garbage-first heap   total 413696K, used 345764K [0x0000000703600000, 0x0000000800000000)
  region size 2048K, 42 young (86016K), 5 survivors (10240K)
 Metaspace       used 91101K, committed 91520K, reserved 1138688K
  class space    used 9334K, committed 9536K, reserved 1048576K
}
Event: 55.820 GC heap after
{Heap after GC invocations=55 (full 0):
 garbage-first heap   total 413696K, used 276046K [0x0000000703600000, 0x0000000800000000)
  region size 2048K, 5 young (10240K), 5 survivors (10240K)
 Metaspace       used 91101K, committed 91520K, reserved 1138688K
  class space    used 9334K, committed 9536K, reserved 1048576K
}
Event: 56.188 GC heap before
{Heap before GC invocations=55 (full 0):
 garbage-first heap   total 413696K, used 349774K [0x0000000703600000, 0x0000000800000000)
  region size 2048K, 41 young (83968K), 5 survivors (10240K)
 Metaspace       used 91122K, committed 91520K, reserved 1138688K
  class space    used 9334K, committed 9536K, reserved 1048576K
}
Event: 56.196 GC heap after
{Heap after GC invocations=56 (full 0):
 garbage-first heap   total 413696K, used 280710K [0x0000000703600000, 0x0000000800000000)
  region size 2048K, 6 young (12288K), 6 survivors (12288K)
 Metaspace       used 91122K, committed 91520K, reserved 1138688K
  class space    used 9334K, committed 9536K, reserved 1048576K
}
Event: 56.456 GC heap before
{Heap before GC invocations=56 (full 0):
 garbage-first heap   total 413696K, used 348294K [0x0000000703600000, 0x0000000800000000)
  region size 2048K, 39 young (79872K), 6 survivors (12288K)
 Metaspace       used 91170K, committed 91584K, reserved 1138688K
  class space    used 9334K, committed 9536K, reserved 1048576K
}
Event: 56.471 GC heap after
{Heap after GC invocations=57 (full 0):
 garbage-first heap   total 413696K, used 286672K [0x0000000703600000, 0x0000000800000000)
  region size 2048K, 4 young (8192K), 4 survivors (8192K)
 Metaspace       used 91170K, committed 91584K, reserved 1138688K
  class space    used 9334K, committed 9536K, reserved 1048576K
}
Event: 56.829 GC heap before
{Heap before GC invocations=57 (full 0):
 garbage-first heap   total 413696K, used 348112K [0x0000000703600000, 0x0000000800000000)
  region size 2048K, 34 young (69632K), 4 survivors (8192K)
 Metaspace       used 91202K, committed 91584K, reserved 1138688K
  class space    used 9334K, committed 9536K, reserved 1048576K
}

