# JRE version: OpenJDK Runtime Environment (17.0.1+12) (build 17.0.1+12-39)
# Java VM: OpenJDK 64-Bit Server VM (17.0.1+12-39, mixed mode, sharing, tiered, compressed oops, compressed class ptrs, g1 gc, windows-amd64)
GC Precious Log:
 CPUs: 8 total, 8 available
 Memory: 16167M
 Large Page Support: Disabled
 NUMA Support: Disabled
 Compressed Oops: Enabled (Zero based)
 Heap Region Size: 2M
 Heap Min Capacity: 8M
 Heap Initial Capacity: 254M
 Heap Max Capacity: 4042M
 Pre-touch: Disabled
 Parallel Workers: 8
 Concurrent Workers: 2
 Concurrent Refinement Workers: 8
 Periodic GC: Disabled
Heap:
 garbage-first heap   total 462848K, used 298967K [0x0000000703600000, 0x0000000800000000)
  region size 2048K, 5 young (10240K), 5 survivors (10240K)
 Metaspace       used 91368K, committed 91776K, reserved 1138688K
  class space    used 9340K, committed 9536K, reserved 1048576K
GC Heap History (20 events):
Event: 44.371 GC heap after
{Heap after GC invocations=39 (full 0):
 garbage-first heap   total 385024K, used 243829K [0x0000000703600000, 0x0000000800000000)
  region size 2048K, 3 young (6144K), 3 survivors (6144K)
 Metaspace       used 84973K, committed 85440K, reserved 1130496K
  class space    used 8959K, committed 9216K, reserved 1048576K
}
Event: 45.222 GC heap before
{Heap before GC invocations=39 (full 0):
 garbage-first heap   total 385024K, used 317557K [0x0000000703600000, 0x0000000800000000)
  region size 2048K, 39 young (79872K), 3 survivors (6144K)
 Metaspace       used 87634K, committed 88064K, reserved 1130496K
  class space    used 9166K, committed 9408K, reserved 1048576K
}
Event: 45.232 GC heap after
{Heap after GC invocations=40 (full 0):
 garbage-first heap   total 385024K, used 246745K [0x0000000703600000, 0x0000000800000000)
  region size 2048K, 3 young (6144K), 3 survivors (6144K)
 Metaspace       used 87634K, committed 88064K, reserved 1130496K
  class space    used 9166K, committed 9408K, reserved 1048576K
}
Event: 46.452 GC heap before
{Heap before GC invocations=40 (full 0):
 garbage-first heap   total 385024K, used 320473K [0x0000000703600000, 0x0000000800000000)
  region size 2048K, 39 young (79872K), 3 survivors (6144K)
 Metaspace       used 90337K, committed 90752K, reserved 1130496K
  class space    used 9325K, committed 9536K, reserved 1048576K
}
Event: 46.461 GC heap after
{Heap after GC invocations=41 (full 0):
 garbage-first heap   total 385024K, used 251025K [0x0000000703600000, 0x0000000800000000)
  region size 2048K, 5 young (10240K), 5 survivors (10240K)
 Metaspace       used 90337K, committed 90752K, reserved 1130496K
  class space    used 9325K, committed 9536K, reserved 1048576K
}
Event: 46.875 GC heap before
{Heap before GC invocations=41 (full 0):
 garbage-first heap   total 385024K, used 324753K [0x0000000703600000, 0x0000000800000000)
  region size 2048K, 41 young (83968K), 5 survivors (10240K)
 Metaspace       used 90626K, committed 91008K, reserved 1130496K
  class space    used 9327K, committed 9536K, reserved 1048576K
}
Event: 46.888 GC heap after
{Heap after GC invocations=42 (full 0):
 garbage-first heap   total 385024K, used 259955K [0x0000000703600000, 0x0000000800000000)
  region size 2048K, 6 young (12288K), 6 survivors (12288K)
 Metaspace       used 90626K, committed 91008K, reserved 1130496K
  class space    used 9327K, committed 9536K, reserved 1048576K
}
Event: 47.377 GC heap before
{Heap before GC invocations=42 (full 0):
 garbage-first heap   total 385024K, used 323443K [0x0000000703600000, 0x0000000800000000)
  region size 2048K, 37 young (75776K), 6 survivors (12288K)
 Metaspace       used 90833K, committed 91200K, reserved 1138688K
  class space    used 9334K, committed 9536K, reserved 1048576K
}
Event: 47.390 GC heap after
{Heap after GC invocations=43 (full 0):
 garbage-first heap   total 385024K, used 266589K [0x0000000703600000, 0x0000000800000000)
  region size 2048K, 4 young (8192K), 4 survivors (8192K)
 Metaspace       used 90833K, committed 91200K, reserved 1138688K
  class space    used 9334K, committed 9536K, reserved 1048576K
}
Event: 47.726 GC heap before
{Heap before GC invocations=43 (full 0):
 garbage-first heap   total 385024K, used 321885K [0x0000000703600000, 0x0000000800000000)
  region size 2048K, 31 young (63488K), 4 survivors (8192K)
 Metaspace       used 90926K, committed 91328K, reserved 1138688K
  class space    used 9334K, committed 9536K, reserved 1048576K
}
Event: 47.734 GC heap after
{Heap after GC invocations=44 (full 0):
 garbage-first heap   total 462848K, used 270056K [0x0000000703600000, 0x0000000800000000)
  region size 2048K, 3 young (6144K), 3 survivors (6144K)
 Metaspace       used 90926K, committed 91328K, reserved 1138688K
  class space    used 9334K, committed 9536K, reserved 1048576K
}
Event: 48.370 GC heap before
{Heap before GC invocations=44 (full 0):
 garbage-first heap   total 462848K, used 382696K [0x0000000703600000, 0x0000000800000000)
  region size 2048K, 58 young (118784K), 3 survivors (6144K)
 Metaspace       used 91072K, committed 91456K, reserved 1138688K
  class space    used 9334K, committed 9536K, reserved 1048576K
}
Event: 48.375 GC heap after
{Heap after GC invocations=45 (full 0):
 garbage-first heap   total 462848K, used 274288K [0x0000000703600000, 0x0000000800000000)
  region size 2048K, 5 young (10240K), 5 survivors (10240K)
 Metaspace       used 91072K, committed 91456K, reserved 1138688K
  class space    used 9334K, committed 9536K, reserved 1048576K
}
Event: 48.848 GC heap before
{Heap before GC invocations=45 (full 0):
 garbage-first heap   total 462848K, used 386928K [0x0000000703600000, 0x0000000800000000)
  region size 2048K, 60 young (122880K), 5 survivors (10240K)
 Metaspace       used 91111K, committed 91520K, reserved 1138688K
  class space    used 9335K, committed 9536K, reserved 1048576K
}
Event: 48.859 GC heap after
{Heap after GC invocations=46 (full 0):
 garbage-first heap   total 462848K, used 282145K [0x0000000703600000, 0x0000000800000000)
  region size 2048K, 7 young (14336K), 7 survivors (14336K)
 Metaspace       used 91111K, committed 91520K, reserved 1138688K
  class space    used 9335K, committed 9536K, reserved 1048576K
}
Event: 49.272 GC heap before
{Heap before GC invocations=46 (full 0):
 garbage-first heap   total 462848K, used 386593K [0x0000000703600000, 0x0000000800000000)
  region size 2048K, 58 young (118784K), 7 survivors (14336K)
 Metaspace       used 91208K, committed 91584K, reserved 1138688K
  class space    used 9335K, committed 9536K, reserved 1048576K
}
Event: 49.289 GC heap after
{Heap after GC invocations=47 (full 0):
 garbage-first heap   total 462848K, used 290395K [0x0000000703600000, 0x0000000800000000)
  region size 2048K, 8 young (16384K), 8 survivors (16384K)
 Metaspace       used 91208K, committed 91584K, reserved 1138688K
  class space    used 9335K, committed 9536K, reserved 1048576K
}
Event: 49.739 GC heap before
{Heap before GC invocations=47 (full 0):
 garbage-first heap   total 462848K, used 386651K [0x0000000703600000, 0x0000000800000000)
  region size 2048K, 55 young (112640K), 8 survivors (16384K)
 Metaspace       used 91257K, committed 91648K, reserved 1138688K
  class space    used 9335K, committed 9536K, reserved 1048576K
}
Event: 49.751 GC heap after
{Heap after GC invocations=48 (full 0):
 garbage-first heap   total 462848K, used 295714K [0x0000000703600000, 0x0000000800000000)
  region size 2048K, 4 young (8192K), 4 survivors (8192K)
 Metaspace       used 91257K, committed 91648K, reserved 1138688K
  class space    used 9335K, committed 9536K, reserved 1048576K
}
Event: 50.214 GC heap before
{Heap before GC invocations=48 (full 0):
 garbage-first heap   total 462848K, used 387874K [0x0000000703600000, 0x0000000800000000)
  region size 2048K, 49 young (100352K), 4 survivors (8192K)
 Metaspace       used 91368K, committed 91776K, reserved 1138688K
  class space    used 9340K, committed 9536K, reserved 1048576K
}

